{
  "stats": {
    "suites": 1,
    "tests": 1,
    "passes": 0,
    "pending": 0,
    "failures": 1,
    "start": "2025-02-26T09:18:38.057Z",
    "end": "2025-02-26T09:18:43.492Z",
    "duration": 5435,
    "testsRegistered": 1,
    "passPercent": 0,
    "pendingPercent": 0,
    "other": 0,
    "hasOther": false,
    "skipped": 0,
    "hasSkipped": false
  },
  "results": [
    {
      "uuid": "7363b348-0e46-4c89-9e93-800476934b28",
      "title": "",
      "fullFile": "cypress/e2e/smokeTest/Tc01_FirstScript.spec.cy.js",
      "file": "cypress/e2e/smokeTest/Tc01_FirstScript.spec.cy.js",
      "beforeHooks": [],
      "afterHooks": [],
      "tests": [],
      "suites": [
        {
          "uuid": "c070b53b-1f85-4a09-8a9e-e19fa562bddc",
          "title": "Login Functionality",
          "fullFile": "",
          "file": "",
          "beforeHooks": [],
          "afterHooks": [],
          "tests": [
            {
              "title": "Login Test using Conduit",
              "fullTitle": "Login Functionality Login Test using Conduit",
              "timedOut": null,
              "duration": 4743,
              "state": "failed",
              "speed": null,
              "pass": false,
              "fail": true,
              "pending": false,
              "context": "\"assets/Tc01_FirstScript.spec.cy.js/Login Functionality -- Login Test using Conduit (failed).png\"",
              "code": "cy.visit('/');\ncy.get('input[id=\"user-name\"]').type('standard_user');\ncy.get('input[id=\"passworddd\"]').type('secret_sauce');\ncy.get('input[id=\"login-button\"]').click();\ncy.get('button[id=\"react-burger-menu-btn\"]').click();\ncy.get('a[id=\"logout_sidebar_link\"]').click();",
              "err": {
                "message": "AssertionError: Timed out retrying after 4000ms: Expected to find element: `input[id=\"passworddd\"]`, but never found it.",
                "estack": "AssertionError: Timed out retrying after 4000ms: Expected to find element: `input[id=\"passworddd\"]`, but never found it.\n    at Context.eval (webpack://cypress-course/./cypress/e2e/smokeTest/Tc01_FirstScript.spec.cy.js:10:11)",
                "diff": null
              },
              "uuid": "eff20b39-b3d0-44f2-b9a3-6202d26855f2",
              "parentUUID": "c070b53b-1f85-4a09-8a9e-e19fa562bddc",
              "isHook": false,
              "skipped": false
            }
          ],
          "suites": [],
          "passes": [],
          "failures": [
            "eff20b39-b3d0-44f2-b9a3-6202d26855f2"
          ],
          "pending": [],
          "skipped": [],
          "duration": 4743,
          "root": false,
          "rootEmpty": false,
          "_timeout": 2000
        }
      ],
      "passes": [],
      "failures": [],
      "pending": [],
      "skipped": [],
      "duration": 0,
      "root": true,
      "rootEmpty": true,
      "_timeout": 2000
    }
  ],
  "meta": {
    "mocha": {
      "version": "7.0.1"
    },
    "mochawesome": {
      "options": {
        "quiet": true,
        "reportFilename": "mochawesome",
        "saveHtml": false,
        "saveJson": true,
        "consoleReporter": "spec",
        "useInlineDiffs": false,
        "code": true
      },
      "version": "7.1.3"
    },
    "marge": {
      "options": {
        "id": "default",
        "reportDir": "cypress/reports/mocha",
        "quiet": true,
        "overwrite": false,
        "html": false,
        "json": true
      },
      "version": "6.2.0"
    }
  }
}