{
  "stats": {
    "suites": 1,
    "tests": 1,
    "passes": 1,
    "pending": 0,
    "failures": 0,
    "start": "2025-02-26T09:18:45.435Z",
    "end": "2025-02-26T09:18:50.038Z",
    "duration": 4603,
    "testsRegistered": 1,
    "passPercent": 100,
    "pendingPercent": 0,
    "other": 0,
    "hasOther": false,
    "skipped": 0,
    "hasSkipped": false
  },
  "results": [
    {
      "uuid": "ce530b87-90c0-44ca-95ec-8808926b4c0b",
      "title": "",
      "fullFile": "cypress/e2e/smokeTest/Tc02_RadioButton.spec.cy.js",
      "file": "cypress/e2e/smokeTest/Tc02_RadioButton.spec.cy.js",
      "beforeHooks": [],
      "afterHooks": [],
      "tests": [],
      "suites": [
        {
          "uuid": "5e036817-4885-415a-b88d-b921b2724a6d",
          "title": "Radio Button Functionality",
          "fullFile": "",
          "file": "",
          "beforeHooks": [],
          "afterHooks": [],
          "tests": [
            {
              "title": "Handling different Radio button Test using Conduit",
              "fullTitle": "Radio Button Functionality Handling different Radio button Test using Conduit",
              "timedOut": null,
              "duration": 2404,
              "state": "passed",
              "speed": "fast",
              "pass": true,
              "fail": false,
              "pending": false,
              "context": null,
              "code": "//Basic Radio button\ncy.visit('https://demos.jquerymobile.com/1.4.5/checkboxradio-radio/');\ncy.get('#radio-choice-0a').should('not.be.checked').click({\n  force: true\n});\ncy.get('#radio-choice-0b').should('not.be.checked').click({\n  force: true\n});\n//Modern Radio button\ncy.get('#radio-choice-h-2b').should('not.be.checked').click({\n  force: true\n});\ncy.get('#radio-choice-h-2c').should('not.be.checked').click({\n  force: true\n});",
              "err": {},
              "uuid": "4801b4ce-67e1-4fe2-a0e9-1724747ff284",
              "parentUUID": "5e036817-4885-415a-b88d-b921b2724a6d",
              "isHook": false,
              "skipped": false
            }
          ],
          "suites": [],
          "passes": [
            "4801b4ce-67e1-4fe2-a0e9-1724747ff284"
          ],
          "failures": [],
          "pending": [],
          "skipped": [],
          "duration": 2404,
          "root": false,
          "rootEmpty": false,
          "_timeout": 2000
        }
      ],
      "passes": [],
      "failures": [],
      "pending": [],
      "skipped": [],
      "duration": 0,
      "root": true,
      "rootEmpty": true,
      "_timeout": 2000
    }
  ],
  "meta": {
    "mocha": {
      "version": "7.0.1"
    },
    "mochawesome": {
      "options": {
        "quiet": true,
        "reportFilename": "mochawesome",
        "saveHtml": false,
        "saveJson": true,
        "consoleReporter": "spec",
        "useInlineDiffs": false,
        "code": true
      },
      "version": "7.1.3"
    },
    "marge": {
      "options": {
        "id": "default",
        "reportDir": "cypress/reports/mocha",
        "quiet": true,
        "overwrite": false,
        "html": false,
        "json": true
      },
      "version": "6.2.0"
    }
  }
}