{
  "stats": {
    "suites": 1,
    "tests": 1,
    "passes": 1,
    "pending": 0,
    "failures": 0,
    "start": "2025-02-26T09:18:51.848Z",
    "end": "2025-02-26T09:18:53.845Z",
    "duration": 1997,
    "testsRegistered": 1,
    "passPercent": 100,
    "pendingPercent": 0,
    "other": 0,
    "hasOther": false,
    "skipped": 0,
    "hasSkipped": false
  },
  "results": [
    {
      "uuid": "e5a7fb1d-16fb-4b50-9343-ac7cb78001d3",
      "title": "",
      "fullFile": "cypress/e2e/smokeTest/smokeScript.spec.cy.js",
      "file": "cypress/e2e/smokeTest/smokeScript.spec.cy.js",
      "beforeHooks": [],
      "afterHooks": [],
      "tests": [],
      "suites": [
        {
          "uuid": "2ac4c4bb-b7c4-4c34-b2a9-c3dee4e5d83b",
          "title": "Login Functionality",
          "fullFile": "",
          "file": "",
          "beforeHooks": [],
          "afterHooks": [],
          "tests": [
            {
              "title": "Login Test using Conduit",
              "fullTitle": "Login Functionality Login Test using Conduit",
              "timedOut": null,
              "duration": 1351,
              "state": "passed",
              "speed": "fast",
              "pass": true,
              "fail": false,
              "pending": false,
              "context": null,
              "code": "cy.visit('https://www.saucedemo.com/');\ncy.get('input[id=\"user-name\"]').type('standard_user');\ncy.get('input[id=\"password\"]').type('secret_sauce');\ncy.get('input[id=\"login-button\"]').click();\ncy.get('button[id=\"react-burger-menu-btn\"]').click();\ncy.get('a[id=\"logout_sidebar_link\"]').click();",
              "err": {},
              "uuid": "76e0c22b-321f-4ef7-9719-a87dd0c6a6a3",
              "parentUUID": "2ac4c4bb-b7c4-4c34-b2a9-c3dee4e5d83b",
              "isHook": false,
              "skipped": false
            }
          ],
          "suites": [],
          "passes": [
            "76e0c22b-321f-4ef7-9719-a87dd0c6a6a3"
          ],
          "failures": [],
          "pending": [],
          "skipped": [],
          "duration": 1351,
          "root": false,
          "rootEmpty": false,
          "_timeout": 2000
        }
      ],
      "passes": [],
      "failures": [],
      "pending": [],
      "skipped": [],
      "duration": 0,
      "root": true,
      "rootEmpty": true,
      "_timeout": 2000
    }
  ],
  "meta": {
    "mocha": {
      "version": "7.0.1"
    },
    "mochawesome": {
      "options": {
        "quiet": true,
        "reportFilename": "mochawesome",
        "saveHtml": false,
        "saveJson": true,
        "consoleReporter": "spec",
        "useInlineDiffs": false,
        "code": true
      },
      "version": "7.1.3"
    },
    "marge": {
      "options": {
        "id": "default",
        "reportDir": "cypress/reports/mocha",
        "quiet": true,
        "overwrite": false,
        "html": false,
        "json": true
      },
      "version": "6.2.0"
    }
  }
}