{
  "stats": {
    "suites": 3,
    "tests": 3,
    "passes": 2,
    "pending": 0,
    "failures": 1,
    "testsRegistered": 3,
    "passPercent": 66.66666666666667,
    "pendingPercent": 0,
    "other": 0,
    "hasOther": false,
    "skipped": 0,
    "hasSkipped": false,
    "start": "2025-02-26T09:18:38.057Z",
    "end": "2025-02-26T09:18:53.845Z",
    "duration": 15788
  },
  "results": [
    {
      "uuid": "7363b348-0e46-4c89-9e93-800476934b28",
      "title": "",
      "fullFile": "cypress/e2e/smokeTest/Tc01_FirstScript.spec.cy.js",
      "file": "cypress/e2e/smokeTest/Tc01_FirstScript.spec.cy.js",
      "beforeHooks": [],
      "afterHooks": [],
      "tests": [],
      "suites": [
        {
          "uuid": "c070b53b-1f85-4a09-8a9e-e19fa562bddc",
          "title": "Login Functionality",
          "fullFile": "",
          "file": "",
          "beforeHooks": [],
          "afterHooks": [],
          "tests": [
            {
              "title": "Login Test using Conduit",
              "fullTitle": "Login Functionality Login Test using Conduit",
              "timedOut": null,
              "duration": 4743,
              "state": "failed",
              "speed": null,
              "pass": false,
              "fail": true,
              "pending": false,
              "context": "\"assets/Tc01_FirstScript.spec.cy.js/Login Functionality -- Login Test using Conduit (failed).png\"",
              "code": "cy.visit('/');\ncy.get('input[id=\"user-name\"]').type('standard_user');\ncy.get('input[id=\"passworddd\"]').type('secret_sauce');\ncy.get('input[id=\"login-button\"]').click();\ncy.get('button[id=\"react-burger-menu-btn\"]').click();\ncy.get('a[id=\"logout_sidebar_link\"]').click();",
              "err": {
                "message": "AssertionError: Timed out retrying after 4000ms: Expected to find element: `input[id=\"passworddd\"]`, but never found it.",
                "estack": "AssertionError: Timed out retrying after 4000ms: Expected to find element: `input[id=\"passworddd\"]`, but never found it.\n    at Context.eval (webpack://cypress-course/./cypress/e2e/smokeTest/Tc01_FirstScript.spec.cy.js:10:11)",
                "diff": null
              },
              "uuid": "eff20b39-b3d0-44f2-b9a3-6202d26855f2",
              "parentUUID": "c070b53b-1f85-4a09-8a9e-e19fa562bddc",
              "isHook": false,
              "skipped": false
            }
          ],
          "suites": [],
          "passes": [],
          "failures": [
            "eff20b39-b3d0-44f2-b9a3-6202d26855f2"
          ],
          "pending": [],
          "skipped": [],
          "duration": 4743,
          "root": false,
          "rootEmpty": false,
          "_timeout": 2000
        }
      ],
      "passes": [],
      "failures": [],
      "pending": [],
      "skipped": [],
      "duration": 0,
      "root": true,
      "rootEmpty": true,
      "_timeout": 2000
    },
    {
      "uuid": "ce530b87-90c0-44ca-95ec-8808926b4c0b",
      "title": "",
      "fullFile": "cypress/e2e/smokeTest/Tc02_RadioButton.spec.cy.js",
      "file": "cypress/e2e/smokeTest/Tc02_RadioButton.spec.cy.js",
      "beforeHooks": [],
      "afterHooks": [],
      "tests": [],
      "suites": [
        {
          "uuid": "5e036817-4885-415a-b88d-b921b2724a6d",
          "title": "Radio Button Functionality",
          "fullFile": "",
          "file": "",
          "beforeHooks": [],
          "afterHooks": [],
          "tests": [
            {
              "title": "Handling different Radio button Test using Conduit",
              "fullTitle": "Radio Button Functionality Handling different Radio button Test using Conduit",
              "timedOut": null,
              "duration": 2404,
              "state": "passed",
              "speed": "fast",
              "pass": true,
              "fail": false,
              "pending": false,
              "context": null,
              "code": "//Basic Radio button\ncy.visit('https://demos.jquerymobile.com/1.4.5/checkboxradio-radio/');\ncy.get('#radio-choice-0a').should('not.be.checked').click({\n  force: true\n});\ncy.get('#radio-choice-0b').should('not.be.checked').click({\n  force: true\n});\n//Modern Radio button\ncy.get('#radio-choice-h-2b').should('not.be.checked').click({\n  force: true\n});\ncy.get('#radio-choice-h-2c').should('not.be.checked').click({\n  force: true\n});",
              "err": {},
              "uuid": "4801b4ce-67e1-4fe2-a0e9-1724747ff284",
              "parentUUID": "5e036817-4885-415a-b88d-b921b2724a6d",
              "isHook": false,
              "skipped": false
            }
          ],
          "suites": [],
          "passes": [
            "4801b4ce-67e1-4fe2-a0e9-1724747ff284"
          ],
          "failures": [],
          "pending": [],
          "skipped": [],
          "duration": 2404,
          "root": false,
          "rootEmpty": false,
          "_timeout": 2000
        }
      ],
      "passes": [],
      "failures": [],
      "pending": [],
      "skipped": [],
      "duration": 0,
      "root": true,
      "rootEmpty": true,
      "_timeout": 2000
    },
    {
      "uuid": "e5a7fb1d-16fb-4b50-9343-ac7cb78001d3",
      "title": "",
      "fullFile": "cypress/e2e/smokeTest/smokeScript.spec.cy.js",
      "file": "cypress/e2e/smokeTest/smokeScript.spec.cy.js",
      "beforeHooks": [],
      "afterHooks": [],
      "tests": [],
      "suites": [
        {
          "uuid": "2ac4c4bb-b7c4-4c34-b2a9-c3dee4e5d83b",
          "title": "Login Functionality",
          "fullFile": "",
          "file": "",
          "beforeHooks": [],
          "afterHooks": [],
          "tests": [
            {
              "title": "Login Test using Conduit",
              "fullTitle": "Login Functionality Login Test using Conduit",
              "timedOut": null,
              "duration": 1351,
              "state": "passed",
              "speed": "fast",
              "pass": true,
              "fail": false,
              "pending": false,
              "context": null,
              "code": "cy.visit('https://www.saucedemo.com/');\ncy.get('input[id=\"user-name\"]').type('standard_user');\ncy.get('input[id=\"password\"]').type('secret_sauce');\ncy.get('input[id=\"login-button\"]').click();\ncy.get('button[id=\"react-burger-menu-btn\"]').click();\ncy.get('a[id=\"logout_sidebar_link\"]').click();",
              "err": {},
              "uuid": "76e0c22b-321f-4ef7-9719-a87dd0c6a6a3",
              "parentUUID": "2ac4c4bb-b7c4-4c34-b2a9-c3dee4e5d83b",
              "isHook": false,
              "skipped": false
            }
          ],
          "suites": [],
          "passes": [
            "76e0c22b-321f-4ef7-9719-a87dd0c6a6a3"
          ],
          "failures": [],
          "pending": [],
          "skipped": [],
          "duration": 1351,
          "root": false,
          "rootEmpty": false,
          "_timeout": 2000
        }
      ],
      "passes": [],
      "failures": [],
      "pending": [],
      "skipped": [],
      "duration": 0,
      "root": true,
      "rootEmpty": true,
      "_timeout": 2000
    }
  ],
  "meta": {
    "mocha": {
      "version": "7.0.1"
    },
    "mochawesome": {
      "options": {
        "quiet": true,
        "reportFilename": "mochawesome",
        "saveHtml": false,
        "saveJson": true,
        "consoleReporter": "spec",
        "useInlineDiffs": false,
        "code": true
      },
      "version": "7.1.3"
    },
    "marge": {
      "options": {
        "id": "default",
        "reportDir": "cypress/reports/mocha",
        "quiet": true,
        "overwrite": false,
        "html": false,
        "json": true
      },
      "version": "6.2.0"
    }
  }
}